2026-01-05 23:22:07 [restartedMain] INFO  com.lyrics.ecs.EcsApplication - Starting EcsApplication using Java 17.0.16 with PID 26448 (E:\WorkSpace\ExpenseCountSystem\ecs\target\classes started by luoying in E:\WorkSpace\ExpenseCountSystem)
2026-01-05 23:22:07 [restartedMain] DEBUG com.lyrics.ecs.EcsApplication - Running with Spring Boot v3.5.6, Spring v6.2.11
2026-01-05 23:22:07 [restartedMain] INFO  com.lyrics.ecs.EcsApplication - The following 1 profile is active: "dev"
2026-01-05 23:22:07 [restartedMain] INFO  o.s.b.d.e.DevToolsPropertyDefaultsPostProcessor - Devtools property defaults active! Set 'spring.devtools.add-properties' to 'false' to disable
2026-01-05 23:22:07 [restartedMain] INFO  o.s.b.d.e.DevToolsPropertyDefaultsPostProcessor - For additional web related logging consider setting the 'logging.level.web' property to 'DEBUG'
2026-01-05 23:22:08 [restartedMain] INFO  o.s.d.r.c.RepositoryConfigurationDelegate - Multiple Spring Data modules found, entering strict repository configuration mode
2026-01-05 23:22:08 [restartedMain] INFO  o.s.d.r.c.RepositoryConfigurationDelegate - Bootstrapping Spring Data JDBC repositories in DEFAULT mode.
2026-01-05 23:22:08 [restartedMain] INFO  o.s.d.r.c.RepositoryConfigurationDelegate - Finished Spring Data repository scanning in 13 ms. Found 0 JDBC repository interfaces.
2026-01-05 23:22:08 [restartedMain] INFO  o.s.d.r.c.RepositoryConfigurationDelegate - Multiple Spring Data modules found, entering strict repository configuration mode
2026-01-05 23:22:08 [restartedMain] INFO  o.s.d.r.c.RepositoryConfigurationDelegate - Bootstrapping Spring Data Redis repositories in DEFAULT mode.
2026-01-05 23:22:08 [restartedMain] INFO  o.s.d.r.c.RepositoryConfigurationDelegate - Finished Spring Data repository scanning in 6 ms. Found 0 Redis repository interfaces.
2026-01-05 23:22:08 [restartedMain] INFO  o.s.b.w.e.tomcat.TomcatWebServer - Tomcat initialized with port 8080 (http)
2026-01-05 23:22:08 [restartedMain] INFO  o.a.catalina.core.StandardService - Starting service [Tomcat]
2026-01-05 23:22:08 [restartedMain] INFO  o.a.catalina.core.StandardEngine - Starting Servlet engine: [Apache Tomcat/10.1.46]
2026-01-05 23:22:08 [restartedMain] INFO  o.a.c.c.C.[.[localhost].[/ecs] - Initializing Spring embedded WebApplicationContext
2026-01-05 23:22:08 [restartedMain] INFO  o.s.b.w.s.c.ServletWebServerApplicationContext - Root WebApplicationContext: initialization completed in 1385 ms
2026-01-05 23:22:09 [restartedMain] DEBUG com.lyrics.ecs.filter.AuthFilter - Filter 'authFilter' configured for use
2026-01-05 23:22:10 [restartedMain] INFO  com.zaxxer.hikari.HikariDataSource - HikariPool-1 - Starting...
2026-01-05 23:22:10 [restartedMain] INFO  com.zaxxer.hikari.pool.HikariPool - HikariPool-1 - Added connection com.mysql.cj.jdbc.ConnectionImpl@69741278
2026-01-05 23:22:10 [restartedMain] INFO  com.zaxxer.hikari.HikariDataSource - HikariPool-1 - Start completed.
2026-01-05 23:22:10 [restartedMain] INFO  o.s.b.d.a.OptionalLiveReloadServer - LiveReload server is running on port 35729
2026-01-05 23:22:10 [restartedMain] INFO  o.s.b.w.e.tomcat.TomcatWebServer - Tomcat started on port 8080 (http) with context path '/ecs'
2026-01-05 23:22:10 [restartedMain] INFO  com.lyrics.ecs.EcsApplication - Started EcsApplication in 3.865 seconds (process running for 4.276)
2026-01-05 23:22:26 [SpringApplicationShutdownHook] INFO  o.s.b.w.e.tomcat.GracefulShutdown - Commencing graceful shutdown. Waiting for active requests to complete
2026-01-05 23:22:26 [tomcat-shutdown] INFO  o.s.b.w.e.tomcat.GracefulShutdown - Graceful shutdown complete
2026-01-05 23:22:26 [SpringApplicationShutdownHook] INFO  com.zaxxer.hikari.HikariDataSource - HikariPool-1 - Shutdown initiated...
2026-01-05 23:22:26 [SpringApplicationShutdownHook] INFO  com.zaxxer.hikari.HikariDataSource - HikariPool-1 - Shutdown completed.
