2025-10-01 10:43:16 [main] INFO  com.lyrics.ecs.RedisTest - Starting RedisTest using Java 17.0.16 with PID 9092 (started by luoying in E:\WorkSpace\ExpenseCountSystem\ecs)
2025-10-01 10:43:16 [main] DEBUG com.lyrics.ecs.RedisTest - Running with Spring Boot v3.5.6, Spring v6.2.11
2025-10-01 10:43:16 [main] INFO  com.lyrics.ecs.RedisTest - The following 1 profile is active: "dev"
2025-10-01 10:43:16 [main] INFO  o.s.d.r.c.RepositoryConfigurationDelegate - Multiple Spring Data modules found, entering strict repository configuration mode
2025-10-01 10:43:16 [main] INFO  o.s.d.r.c.RepositoryConfigurationDelegate - Bootstrapping Spring Data JDBC repositories in DEFAULT mode.
2025-10-01 10:43:16 [main] INFO  o.s.d.r.c.RepositoryConfigurationDelegate - Finished Spring Data repository scanning in 8 ms. Found 0 JDBC repository interfaces.
2025-10-01 10:43:16 [main] INFO  o.s.d.r.c.RepositoryConfigurationDelegate - Multiple Spring Data modules found, entering strict repository configuration mode
2025-10-01 10:43:16 [main] INFO  o.s.d.r.c.RepositoryConfigurationDelegate - Bootstrapping Spring Data Redis repositories in DEFAULT mode.
2025-10-01 10:43:16 [main] INFO  o.s.d.r.c.RepositoryConfigurationDelegate - Finished Spring Data repository scanning in 3 ms. Found 0 Redis repository interfaces.
2025-10-01 10:43:18 [main] INFO  com.zaxxer.hikari.HikariDataSource - HikariPool-1 - Starting...
2025-10-01 10:43:18 [main] INFO  com.zaxxer.hikari.pool.HikariPool - HikariPool-1 - Added connection com.mysql.cj.jdbc.ConnectionImpl@4af606e9
2025-10-01 10:43:18 [main] INFO  com.zaxxer.hikari.HikariDataSource - HikariPool-1 - Start completed.
2025-10-01 10:43:18 [main] INFO  com.lyrics.ecs.RedisTest - Started RedisTest in 2.92 seconds (process running for 3.695)
2025-10-01 10:43:19 [SpringApplicationShutdownHook] INFO  com.zaxxer.hikari.HikariDataSource - HikariPool-1 - Shutdown initiated...
2025-10-01 10:43:19 [SpringApplicationShutdownHook] INFO  com.zaxxer.hikari.HikariDataSource - HikariPool-1 - Shutdown completed.
2025-10-01 10:43:29 [main] INFO  com.lyrics.ecs.RedisTest - Starting RedisTest using Java 17.0.16 with PID 19040 (started by luoying in E:\WorkSpace\ExpenseCountSystem\ecs)
2025-10-01 10:43:29 [main] DEBUG com.lyrics.ecs.RedisTest - Running with Spring Boot v3.5.6, Spring v6.2.11
2025-10-01 10:43:29 [main] INFO  com.lyrics.ecs.RedisTest - The following 1 profile is active: "dev"
2025-10-01 10:43:30 [main] INFO  o.s.d.r.c.RepositoryConfigurationDelegate - Multiple Spring Data modules found, entering strict repository configuration mode
2025-10-01 10:43:30 [main] INFO  o.s.d.r.c.RepositoryConfigurationDelegate - Bootstrapping Spring Data JDBC repositories in DEFAULT mode.
2025-10-01 10:43:30 [main] INFO  o.s.d.r.c.RepositoryConfigurationDelegate - Finished Spring Data repository scanning in 9 ms. Found 0 JDBC repository interfaces.
2025-10-01 10:43:30 [main] INFO  o.s.d.r.c.RepositoryConfigurationDelegate - Multiple Spring Data modules found, entering strict repository configuration mode
2025-10-01 10:43:30 [main] INFO  o.s.d.r.c.RepositoryConfigurationDelegate - Bootstrapping Spring Data Redis repositories in DEFAULT mode.
2025-10-01 10:43:30 [main] INFO  o.s.d.r.c.RepositoryConfigurationDelegate - Finished Spring Data repository scanning in 3 ms. Found 0 Redis repository interfaces.
2025-10-01 10:43:31 [main] INFO  com.zaxxer.hikari.HikariDataSource - HikariPool-1 - Starting...
2025-10-01 10:43:32 [main] INFO  com.zaxxer.hikari.pool.HikariPool - HikariPool-1 - Added connection com.mysql.cj.jdbc.ConnectionImpl@c29b0dc
2025-10-01 10:43:32 [main] INFO  com.zaxxer.hikari.HikariDataSource - HikariPool-1 - Start completed.
2025-10-01 10:43:32 [main] INFO  com.lyrics.ecs.RedisTest - Started RedisTest in 3.012 seconds (process running for 3.784)
2025-10-01 10:43:33 [SpringApplicationShutdownHook] INFO  com.zaxxer.hikari.HikariDataSource - HikariPool-1 - Shutdown initiated...
2025-10-01 10:43:33 [SpringApplicationShutdownHook] INFO  com.zaxxer.hikari.HikariDataSource - HikariPool-1 - Shutdown completed.
